<?xml version="1.0" encoding="UTF-8"?>
<!-- Generated by org.testng.reporters.JUnitReportReporter -->
<testsuite skipped="0" hostname="APINDELANN635" name="testexample.AmazonAutomation" tests="1" failures="0" timestamp="2020-11-01T11:37:06 IST" time="1.989" errors="0">
  <testcase name="login" time="1.989" classname="testexample.AmazonAutomation"/>
  <system-out/>
</testsuite> <!-- testexample.AmazonAutomation -->
